Arguments: 
  /Users/lizhiliang/.nvm/versions/node/v8.11.3/bin/node /usr/local/bin/yarn add -D vuepress

PATH: 
  /Library/Java/JavaVirtualMachines/jdk1.8.0_181.jdk/Contents/Home/bin:/Users/lizhiliang/.nvm/versions/node/v8.11.3/bin:/Library/Frameworks/Python.framework/Versions/3.6/bin:/usr/local/mongodb/bin:/usr/local/bin:/usr/bin:/bin:/usr/sbin:/sbin:/Library/Apple/usr/bin:/opt/ImageMagick/bin:/Library/Java/JavaVirtualMachines/jdk1.8.0_181.jdk/Contents/Home/bin:/Library/Frameworks/Python.framework/Versions/3.6/bin:/usr/local/mongodb/bin:/usr/local/mysql/bin:/gradle-3.1/bin:/Users/lizhiliang/Library/Android/sdk/tools:/Users/lizhiliang/Library/Android/sdk/platform-tools:/usr/local/mysql/bin::/gradle-3.1/bin:/Users/lizhiliang/Library/Android/sdk/tools:/Users/lizhiliang/Library/Android/sdk/platform-tools

Yarn version: 
  1.3.2

Node version: 
  8.11.3

Platform: 
  darwin x64

npm manifest: 
  {
      "name": "lzl-blog-project",
      "version": "1.0.0",
      "description": "",
      "main": "index.js",
      "scripts": {
          "docs:dev": "vuepress dev docs",
          "docs:build": "vuepress build docs",
          "d": "bash deploy.sh"
      },
      "keywords": [],
      "author": "",
      "license": "ISC",
      "devDependencies": {
          "@vuepress/plugin-back-to-top": "^1.5.1",
          "@vuepress/plugin-nprogress": "^1.5.1"
      }
  }

yarn manifest: 
  No manifest

Lockfile: 
  # THIS IS AN AUTOGENERATED FILE. DO NOT EDIT THIS FILE DIRECTLY.
  # yarn lockfile v1
  
  
  "@vuepress/plugin-back-to-top@^1.5.1":
    version "1.5.1"
    resolved "https://registry.yarnpkg.com/@vuepress/plugin-back-to-top/-/plugin-back-to-top-1.5.1.tgz#bafd45267419ff54b46cbb2626500e4803ab1f13"
    dependencies:
      lodash.debounce "^4.0.8"
  
  "@vuepress/plugin-nprogress@^1.5.1":
    version "1.5.1"
    resolved "https://registry.yarnpkg.com/@vuepress/plugin-nprogress/-/plugin-nprogress-1.5.1.tgz#0bd07d3b1f69798c10559400d521a36ee2b3d35a"
    dependencies:
      nprogress "^0.2.0"
  
  lodash.debounce@^4.0.8:
    version "4.0.8"
    resolved "https://registry.yarnpkg.com/lodash.debounce/-/lodash.debounce-4.0.8.tgz#82d79bff30a67c4005ffd5e2515300ad9ca4d7af"
  
  nprogress@^0.2.0:
    version "0.2.0"
    resolved "https://registry.yarnpkg.com/nprogress/-/nprogress-0.2.0.tgz#cb8f34c53213d895723fcbab907e9422adbcafb1"

Trace: 
  Error: http://registry.npmjs.org/vuepress: ETIMEDOUT
      at Timeout._onTimeout (/usr/local/lib/node_modules/yarn/lib/cli.js:123749:19)
      at ontimeout (timers.js:498:11)
      at tryOnTimeout (timers.js:323:5)
      at Timer.listOnTimeout (timers.js:290:5)
